<?xml version="1.0" encoding="UTF-8"?>
<testsuite xmlns:xsi="http://www.w3.org/2001/XMLSchema-instance" xsi:noNamespaceSchemaLocation="https://maven.apache.org/surefire/maven-surefire-plugin/xsd/surefire-test-report.xsd" name="com.example.AppTest" time="0.055" tests="1" errors="0" skipped="0" failures="0">
  <properties>
    <property name="sun.desktop" value="gnome"/>
    <property name="awt.toolkit" value="sun.awt.X11.XToolkit"/>
    <property name="java.specification.version" value="11"/>
    <property name="sun.cpu.isalist" value=""/>
    <property name="sun.jnu.encoding" value="UTF-8"/>
    <property name="java.class.path" value="/home/maplekiyo/Playground/demo/target/test-classes:/home/maplekiyo/Playground/demo/target/classes:/home/maplekiyo/.m2/repository/org/opensaml/opensaml-core/4.2.0/opensaml-core-4.2.0.jar:/home/maplekiyo/.m2/repository/commons-codec/commons-codec/1.15/commons-codec-1.15.jar:/home/maplekiyo/.m2/repository/com/google/code/findbugs/jsr305/3.0.2/jsr305-3.0.2.jar:/home/maplekiyo/.m2/repository/com/google/guava/guava/31.1-jre/guava-31.1-jre.jar:/home/maplekiyo/.m2/repository/com/google/guava/failureaccess/1.0.1/failureaccess-1.0.1.jar:/home/maplekiyo/.m2/repository/com/google/guava/listenablefuture/9999.0-empty-to-avoid-conflict-with-guava/listenablefuture-9999.0-empty-to-avoid-conflict-with-guava.jar:/home/maplekiyo/.m2/repository/org/checkerframework/checker-qual/3.12.0/checker-qual-3.12.0.jar:/home/maplekiyo/.m2/repository/com/google/errorprone/error_prone_annotations/2.11.0/error_prone_annotations-2.11.0.jar:/home/maplekiyo/.m2/repository/com/google/j2objc/j2objc-annotations/1.3/j2objc-annotations-1.3.jar:/home/maplekiyo/.m2/repository/io/dropwizard/metrics/metrics-core/4.2.9/metrics-core-4.2.9.jar:/home/maplekiyo/.m2/repository/org/slf4j/slf4j-api/1.7.36/slf4j-api-1.7.36.jar:/home/maplekiyo/.m2/repository/net/shibboleth/utilities/java-support/8.3.1/java-support-8.3.1.jar:/home/maplekiyo/.m2/repository/org/opensaml/opensaml-messaging-api/4.2.0/opensaml-messaging-api-4.2.0.jar:/home/maplekiyo/.m2/repository/org/apache/httpcomponents/httpclient/4.5.13/httpclient-4.5.13.jar:/home/maplekiyo/.m2/repository/org/apache/httpcomponents/httpcore/4.4.15/httpcore-4.4.15.jar:/home/maplekiyo/.m2/repository/org/opensaml/opensaml-messaging-impl/4.2.0/opensaml-messaging-impl-4.2.0.jar:/home/maplekiyo/.m2/repository/org/opensaml/opensaml-profile-api/4.2.0/opensaml-profile-api-4.2.0.jar:/home/maplekiyo/.m2/repository/org/opensaml/opensaml-profile-impl/4.2.0/opensaml-profile-impl-4.2.0.jar:/home/maplekiyo/.m2/repository/org/opensaml/opensaml-saml-api/4.2.0/opensaml-saml-api-4.2.0.jar:/home/maplekiyo/.m2/repository/org/apache/santuario/xmlsec/2.3.0/xmlsec-2.3.0.jar:/home/maplekiyo/.m2/repository/com/fasterxml/woodstox/woodstox-core/6.2.6/woodstox-core-6.2.6.jar:/home/maplekiyo/.m2/repository/org/codehaus/woodstox/stax2-api/4.2.1/stax2-api-4.2.1.jar:/home/maplekiyo/.m2/repository/org/opensaml/opensaml-saml-impl/4.2.0/opensaml-saml-impl-4.2.0.jar:/home/maplekiyo/.m2/repository/org/opensaml/opensaml-soap-impl/4.2.0/opensaml-soap-impl-4.2.0.jar:/home/maplekiyo/.m2/repository/org/opensaml/opensaml-storage-api/4.2.0/opensaml-storage-api-4.2.0.jar:/home/maplekiyo/.m2/repository/org/apache/velocity/velocity-engine-core/2.3/velocity-engine-core-2.3.jar:/home/maplekiyo/.m2/repository/org/apache/commons/commons-lang3/3.11/commons-lang3-3.11.jar:/home/maplekiyo/.m2/repository/org/opensaml/opensaml-security-api/4.2.0/opensaml-security-api-4.2.0.jar:/home/maplekiyo/.m2/repository/org/cryptacular/cryptacular/1.2.4/cryptacular-1.2.4.jar:/home/maplekiyo/.m2/repository/org/bouncycastle/bcprov-jdk15on/1.70/bcprov-jdk15on-1.70.jar:/home/maplekiyo/.m2/repository/org/bouncycastle/bcpkix-jdk15on/1.70/bcpkix-jdk15on-1.70.jar:/home/maplekiyo/.m2/repository/org/bouncycastle/bcutil-jdk15on/1.70/bcutil-jdk15on-1.70.jar:/home/maplekiyo/.m2/repository/org/opensaml/opensaml-security-impl/4.2.0/opensaml-security-impl-4.2.0.jar:/home/maplekiyo/.m2/repository/org/opensaml/opensaml-soap-api/4.2.0/opensaml-soap-api-4.2.0.jar:/home/maplekiyo/.m2/repository/org/opensaml/opensaml-storage-impl/4.2.0/opensaml-storage-impl-4.2.0.jar:/home/maplekiyo/.m2/repository/org/glassfish/jakarta.json/1.1.6/jakarta.json-1.1.6.jar:/home/maplekiyo/.m2/repository/org/opensaml/opensaml-xmlsec-api/4.2.0/opensaml-xmlsec-api-4.2.0.jar:/home/maplekiyo/.m2/repository/org/opensaml/opensaml-xmlsec-impl/4.2.0/opensaml-xmlsec-impl-4.2.0.jar:/home/maplekiyo/.m2/repository/org/pac4j/pac4j-saml/5.7.0/pac4j-saml-5.7.0.jar:/home/maplekiyo/.m2/repository/org/pac4j/pac4j-core/5.7.0/pac4j-core-5.7.0.jar:/home/maplekiyo/.m2/repository/org/springframework/spring-beans/5.3.23/spring-beans-5.3.23.jar:/home/maplekiyo/.m2/repository/org/springframework/spring-orm/5.3.23/spring-orm-5.3.23.jar:/home/maplekiyo/.m2/repository/org/springframework/spring-jdbc/5.3.23/spring-jdbc-5.3.23.jar:/home/maplekiyo/.m2/repository/org/springframework/spring-tx/5.3.23/spring-tx-5.3.23.jar:/home/maplekiyo/.m2/repository/com/fasterxml/jackson/core/jackson-databind/2.13.4.2/jackson-databind-2.13.4.2.jar:/home/maplekiyo/.m2/repository/com/fasterxml/jackson/core/jackson-annotations/2.13.4/jackson-annotations-2.13.4.jar:/home/maplekiyo/.m2/repository/com/fasterxml/jackson/core/jackson-core/2.13.4/jackson-core-2.13.4.jar:/home/maplekiyo/.m2/repository/net/shibboleth/tool/xmlsectool/3.0.0/xmlsectool-3.0.0.jar:/home/maplekiyo/.m2/repository/com/beust/jcommander/1.78/jcommander-1.78.jar:/home/maplekiyo/.m2/repository/commons-io/commons-io/2.11.0/commons-io-2.11.0.jar:/home/maplekiyo/.m2/repository/joda-time/joda-time/2.12.0/joda-time-2.12.0.jar:/home/maplekiyo/.m2/repository/commons-collections/commons-collections/3.2.2/commons-collections-3.2.2.jar:/home/maplekiyo/.m2/repository/org/slf4j/jcl-over-slf4j/2.0.3/jcl-over-slf4j-2.0.3.jar:/home/maplekiyo/.m2/repository/org/springframework/spring-core/5.3.23/spring-core-5.3.23.jar:/home/maplekiyo/.m2/repository/junit/junit/4.11/junit-4.11.jar:/home/maplekiyo/.m2/repository/org/hamcrest/hamcrest-core/1.3/hamcrest-core-1.3.jar:"/>
    <property name="java.vm.vendor" value="Ubuntu"/>
    <property name="sun.arch.data.model" value="64"/>
    <property name="java.vendor.url" value="https://ubuntu.com/"/>
    <property name="user.timezone" value=""/>
    <property name="java.vm.specification.version" value="11"/>
    <property name="os.name" value="Linux"/>
    <property name="sun.java.launcher" value="SUN_STANDARD"/>
    <property name="user.country" value="JP"/>
    <property name="sun.boot.library.path" value="/usr/lib/jvm/java-11-openjdk-amd64/lib"/>
    <property name="sun.java.command" value="/home/maplekiyo/Playground/demo/target/surefire/surefirebooter2677231555577925724.jar /home/maplekiyo/Playground/demo/target/surefire 2023-05-23T13-08-49_699-jvmRun1 surefire7455486955645511199tmp surefire_01423258623035904969tmp"/>
    <property name="jdk.debug" value="release"/>
    <property name="surefire.test.class.path" value="/home/maplekiyo/Playground/demo/target/test-classes:/home/maplekiyo/Playground/demo/target/classes:/home/maplekiyo/.m2/repository/org/opensaml/opensaml-core/4.2.0/opensaml-core-4.2.0.jar:/home/maplekiyo/.m2/repository/commons-codec/commons-codec/1.15/commons-codec-1.15.jar:/home/maplekiyo/.m2/repository/com/google/code/findbugs/jsr305/3.0.2/jsr305-3.0.2.jar:/home/maplekiyo/.m2/repository/com/google/guava/guava/31.1-jre/guava-31.1-jre.jar:/home/maplekiyo/.m2/repository/com/google/guava/failureaccess/1.0.1/failureaccess-1.0.1.jar:/home/maplekiyo/.m2/repository/com/google/guava/listenablefuture/9999.0-empty-to-avoid-conflict-with-guava/listenablefuture-9999.0-empty-to-avoid-conflict-with-guava.jar:/home/maplekiyo/.m2/repository/org/checkerframework/checker-qual/3.12.0/checker-qual-3.12.0.jar:/home/maplekiyo/.m2/repository/com/google/errorprone/error_prone_annotations/2.11.0/error_prone_annotations-2.11.0.jar:/home/maplekiyo/.m2/repository/com/google/j2objc/j2objc-annotations/1.3/j2objc-annotations-1.3.jar:/home/maplekiyo/.m2/repository/io/dropwizard/metrics/metrics-core/4.2.9/metrics-core-4.2.9.jar:/home/maplekiyo/.m2/repository/org/slf4j/slf4j-api/1.7.36/slf4j-api-1.7.36.jar:/home/maplekiyo/.m2/repository/net/shibboleth/utilities/java-support/8.3.1/java-support-8.3.1.jar:/home/maplekiyo/.m2/repository/org/opensaml/opensaml-messaging-api/4.2.0/opensaml-messaging-api-4.2.0.jar:/home/maplekiyo/.m2/repository/org/apache/httpcomponents/httpclient/4.5.13/httpclient-4.5.13.jar:/home/maplekiyo/.m2/repository/org/apache/httpcomponents/httpcore/4.4.15/httpcore-4.4.15.jar:/home/maplekiyo/.m2/repository/org/opensaml/opensaml-messaging-impl/4.2.0/opensaml-messaging-impl-4.2.0.jar:/home/maplekiyo/.m2/repository/org/opensaml/opensaml-profile-api/4.2.0/opensaml-profile-api-4.2.0.jar:/home/maplekiyo/.m2/repository/org/opensaml/opensaml-profile-impl/4.2.0/opensaml-profile-impl-4.2.0.jar:/home/maplekiyo/.m2/repository/org/opensaml/opensaml-saml-api/4.2.0/opensaml-saml-api-4.2.0.jar:/home/maplekiyo/.m2/repository/org/apache/santuario/xmlsec/2.3.0/xmlsec-2.3.0.jar:/home/maplekiyo/.m2/repository/com/fasterxml/woodstox/woodstox-core/6.2.6/woodstox-core-6.2.6.jar:/home/maplekiyo/.m2/repository/org/codehaus/woodstox/stax2-api/4.2.1/stax2-api-4.2.1.jar:/home/maplekiyo/.m2/repository/org/opensaml/opensaml-saml-impl/4.2.0/opensaml-saml-impl-4.2.0.jar:/home/maplekiyo/.m2/repository/org/opensaml/opensaml-soap-impl/4.2.0/opensaml-soap-impl-4.2.0.jar:/home/maplekiyo/.m2/repository/org/opensaml/opensaml-storage-api/4.2.0/opensaml-storage-api-4.2.0.jar:/home/maplekiyo/.m2/repository/org/apache/velocity/velocity-engine-core/2.3/velocity-engine-core-2.3.jar:/home/maplekiyo/.m2/repository/org/apache/commons/commons-lang3/3.11/commons-lang3-3.11.jar:/home/maplekiyo/.m2/repository/org/opensaml/opensaml-security-api/4.2.0/opensaml-security-api-4.2.0.jar:/home/maplekiyo/.m2/repository/org/cryptacular/cryptacular/1.2.4/cryptacular-1.2.4.jar:/home/maplekiyo/.m2/repository/org/bouncycastle/bcprov-jdk15on/1.70/bcprov-jdk15on-1.70.jar:/home/maplekiyo/.m2/repository/org/bouncycastle/bcpkix-jdk15on/1.70/bcpkix-jdk15on-1.70.jar:/home/maplekiyo/.m2/repository/org/bouncycastle/bcutil-jdk15on/1.70/bcutil-jdk15on-1.70.jar:/home/maplekiyo/.m2/repository/org/opensaml/opensaml-security-impl/4.2.0/opensaml-security-impl-4.2.0.jar:/home/maplekiyo/.m2/repository/org/opensaml/opensaml-soap-api/4.2.0/opensaml-soap-api-4.2.0.jar:/home/maplekiyo/.m2/repository/org/opensaml/opensaml-storage-impl/4.2.0/opensaml-storage-impl-4.2.0.jar:/home/maplekiyo/.m2/repository/org/glassfish/jakarta.json/1.1.6/jakarta.json-1.1.6.jar:/home/maplekiyo/.m2/repository/org/opensaml/opensaml-xmlsec-api/4.2.0/opensaml-xmlsec-api-4.2.0.jar:/home/maplekiyo/.m2/repository/org/opensaml/opensaml-xmlsec-impl/4.2.0/opensaml-xmlsec-impl-4.2.0.jar:/home/maplekiyo/.m2/repository/org/pac4j/pac4j-saml/5.7.0/pac4j-saml-5.7.0.jar:/home/maplekiyo/.m2/repository/org/pac4j/pac4j-core/5.7.0/pac4j-core-5.7.0.jar:/home/maplekiyo/.m2/repository/org/springframework/spring-beans/5.3.23/spring-beans-5.3.23.jar:/home/maplekiyo/.m2/repository/org/springframework/spring-orm/5.3.23/spring-orm-5.3.23.jar:/home/maplekiyo/.m2/repository/org/springframework/spring-jdbc/5.3.23/spring-jdbc-5.3.23.jar:/home/maplekiyo/.m2/repository/org/springframework/spring-tx/5.3.23/spring-tx-5.3.23.jar:/home/maplekiyo/.m2/repository/com/fasterxml/jackson/core/jackson-databind/2.13.4.2/jackson-databind-2.13.4.2.jar:/home/maplekiyo/.m2/repository/com/fasterxml/jackson/core/jackson-annotations/2.13.4/jackson-annotations-2.13.4.jar:/home/maplekiyo/.m2/repository/com/fasterxml/jackson/core/jackson-core/2.13.4/jackson-core-2.13.4.jar:/home/maplekiyo/.m2/repository/net/shibboleth/tool/xmlsectool/3.0.0/xmlsectool-3.0.0.jar:/home/maplekiyo/.m2/repository/com/beust/jcommander/1.78/jcommander-1.78.jar:/home/maplekiyo/.m2/repository/commons-io/commons-io/2.11.0/commons-io-2.11.0.jar:/home/maplekiyo/.m2/repository/joda-time/joda-time/2.12.0/joda-time-2.12.0.jar:/home/maplekiyo/.m2/repository/commons-collections/commons-collections/3.2.2/commons-collections-3.2.2.jar:/home/maplekiyo/.m2/repository/org/slf4j/jcl-over-slf4j/2.0.3/jcl-over-slf4j-2.0.3.jar:/home/maplekiyo/.m2/repository/org/springframework/spring-core/5.3.23/spring-core-5.3.23.jar:/home/maplekiyo/.m2/repository/junit/junit/4.11/junit-4.11.jar:/home/maplekiyo/.m2/repository/org/hamcrest/hamcrest-core/1.3/hamcrest-core-1.3.jar:"/>
    <property name="sun.cpu.endian" value="little"/>
    <property name="user.home" value="/home/maplekiyo"/>
    <property name="user.language" value="ja"/>
    <property name="java.specification.vendor" value="Oracle Corporation"/>
    <property name="java.version.date" value="2023-01-17"/>
    <property name="java.home" value="/usr/lib/jvm/java-11-openjdk-amd64"/>
    <property name="file.separator" value="/"/>
    <property name="basedir" value="/home/maplekiyo/Playground/demo"/>
    <property name="java.vm.compressedOopsMode" value="Zero based"/>
    <property name="line.separator" value="&#10;"/>
    <property name="java.specification.name" value="Java Platform API Specification"/>
    <property name="java.vm.specification.vendor" value="Oracle Corporation"/>
    <property name="java.awt.graphicsenv" value="sun.awt.X11GraphicsEnvironment"/>
    <property name="surefire.real.class.path" value="/home/maplekiyo/Playground/demo/target/surefire/surefirebooter2677231555577925724.jar"/>
    <property name="sun.management.compiler" value="HotSpot 64-Bit Tiered Compilers"/>
    <property name="java.runtime.version" value="11.0.18+10-post-Ubuntu-0ubuntu122.04"/>
    <property name="user.name" value="maplekiyo"/>
    <property name="path.separator" value=":"/>
    <property name="os.version" value="5.15.0-72-generic"/>
    <property name="java.runtime.name" value="OpenJDK Runtime Environment"/>
    <property name="file.encoding" value="UTF-8"/>
    <property name="java.vm.name" value="OpenJDK 64-Bit Server VM"/>
    <property name="localRepository" value="/home/maplekiyo/.m2/repository"/>
    <property name="java.vendor.url.bug" value="https://bugs.launchpad.net/ubuntu/+source/openjdk-lts"/>
    <property name="java.io.tmpdir" value="/tmp"/>
    <property name="java.version" value="11.0.18"/>
    <property name="user.dir" value="/home/maplekiyo/Playground/demo"/>
    <property name="os.arch" value="amd64"/>
    <property name="java.vm.specification.name" value="Java Virtual Machine Specification"/>
    <property name="java.awt.printerjob" value="sun.print.PSPrinterJob"/>
    <property name="sun.os.patch.level" value="unknown"/>
    <property name="java.library.path" value="/usr/java/packages/lib:/usr/lib/x86_64-linux-gnu/jni:/lib/x86_64-linux-gnu:/usr/lib/x86_64-linux-gnu:/usr/lib/jni:/lib:/usr/lib"/>
    <property name="java.vm.info" value="mixed mode, sharing"/>
    <property name="java.vendor" value="Ubuntu"/>
    <property name="java.vm.version" value="11.0.18+10-post-Ubuntu-0ubuntu122.04"/>
    <property name="sun.io.unicode.encoding" value="UnicodeLittle"/>
    <property name="java.class.version" value="55.0"/>
  </properties>
  <testcase name="shouldAnswerWithTrue" classname="com.example.AppTest" time="0.002"/>
</testsuite>